TN:
SF:js/app.js
FN:4,(anonymous_0)
FNF:1
FNH:0
FNDA:0,(anonymous_0)
DA:4,0
DA:5,0
DA:6,0
LF:3
LH:0
BRF:0
BRH:0
end_of_record
TN:
SF:js/cacheManager.js
FN:2,(anonymous_0)
FN:5,(anonymous_1)
FN:8,(anonymous_2)
FN:23,(anonymous_3)
FNF:4
FNH:0
FNDA:0,(anonymous_0)
FNDA:0,(anonymous_1)
FNDA:0,(anonymous_2)
FNDA:0,(anonymous_3)
DA:3,0
DA:4,0
DA:5,0
DA:9,0
DA:10,0
DA:11,0
DA:13,0
DA:14,0
DA:18,0
DA:19,0
DA:24,0
DA:25,0
DA:32,0
DA:34,0
DA:35,0
LF:15
LH:0
BRDA:5,0,0,0
BRDA:5,0,1,0
BRDA:11,1,0,0
BRDA:11,1,1,0
BRDA:14,2,0,0
BRDA:14,2,1,0
BRF:6
BRH:0
end_of_record
TN:
SF:js/dateConverter.js
FN:10,(anonymous_0)
FN:14,(anonymous_1)
FN:30,(anonymous_2)
FN:45,(anonymous_3)
FN:58,(anonymous_4)
FN:75,(anonymous_5)
FN:99,(anonymous_6)
FN:105,(anonymous_7)
FN:111,(anonymous_8)
FN:119,(anonymous_9)
FN:139,(anonymous_10)
FN:158,(anonymous_11)
FN:189,(anonymous_12)
FN:197,(anonymous_13)
FNF:14
FNH:0
FNDA:0,(anonymous_0)
FNDA:0,(anonymous_1)
FNDA:0,(anonymous_2)
FNDA:0,(anonymous_3)
FNDA:0,(anonymous_4)
FNDA:0,(anonymous_5)
FNDA:0,(anonymous_6)
FNDA:0,(anonymous_7)
FNDA:0,(anonymous_8)
FNDA:0,(anonymous_9)
FNDA:0,(anonymous_10)
FNDA:0,(anonymous_11)
FNDA:0,(anonymous_12)
FNDA:0,(anonymous_13)
DA:4,0
DA:5,0
DA:6,0
DA:7,0
DA:8,0
DA:11,0
DA:14,0
DA:16,0
DA:17,0
DA:18,0
DA:20,0
DA:21,0
DA:22,0
DA:23,0
DA:24,0
DA:27,0
DA:31,0
DA:32,0
DA:33,0
DA:34,0
DA:35,0
DA:36,0
DA:38,0
DA:41,0
DA:46,0
DA:49,0
DA:52,0
DA:55,0
DA:57,0
DA:58,0
DA:59,0
DA:62,0
DA:63,0
DA:64,0
DA:67,0
DA:71,0
DA:72,0
DA:77,0
DA:78,0
DA:82,0
DA:83,0
DA:85,0
DA:86,0
DA:87,0
DA:90,0
DA:91,0
DA:92,0
DA:93,0
DA:95,0
DA:98,0
DA:99,0
DA:100,0
DA:104,0
DA:105,0
DA:106,0
DA:107,0
DA:112,0
DA:113,0
DA:115,0
DA:117,0
DA:118,0
DA:119,0
DA:120,0
DA:123,0
DA:125,0
DA:126,0
DA:127,0
DA:129,0
DA:130,0
DA:133,0
DA:134,0
DA:135,0
DA:136,0
DA:139,0
DA:140,0
DA:141,0
DA:144,0
DA:145,0
DA:146,0
DA:148,0
DA:155,0
DA:159,0
DA:160,0
DA:161,0
DA:165,0
DA:170,0
DA:171,0
DA:172,0
DA:175,0
DA:177,0
DA:178,0
DA:180,0
DA:181,0
DA:184,0
DA:185,0
DA:186,0
DA:189,0
DA:190,0
DA:193,0
DA:198,0
DA:199,0
DA:202,0
DA:203,0
DA:204,0
DA:206,0
DA:207,0
DA:209,0
LF:107
LH:0
BRDA:33,0,0,0
BRDA:33,0,1,0
BRDA:46,1,0,0
BRDA:46,1,1,0
BRDA:55,2,0,0
BRDA:55,2,1,0
BRDA:62,3,0,0
BRDA:62,3,1,0
BRDA:77,4,0,0
BRDA:77,4,1,0
BRDA:83,5,0,0
BRDA:83,5,1,0
BRDA:90,6,0,0
BRDA:90,6,1,0
BRDA:92,7,0,0
BRDA:92,7,1,0
BRDA:98,8,0,0
BRDA:98,8,1,0
BRDA:112,9,0,0
BRDA:112,9,1,0
BRDA:117,10,0,0
BRDA:117,10,1,0
BRDA:129,11,0,0
BRDA:129,11,1,0
BRDA:133,12,0,0
BRDA:133,12,1,0
BRDA:158,13,0,0
BRDA:170,14,0,0
BRDA:170,14,1,0
BRDA:171,15,0,0
BRDA:171,15,1,0
BRDA:175,16,0,0
BRDA:175,16,1,0
BRDA:180,17,0,0
BRDA:180,17,1,0
BRDA:184,18,0,0
BRDA:184,18,1,0
BRDA:198,19,0,0
BRDA:198,19,1,0
BRF:39
BRH:0
end_of_record
TN:
SF:js/languageManager.js
FN:4,(anonymous_0)
FN:10,(anonymous_1)
FN:28,(anonymous_2)
FN:36,(anonymous_3)
FN:43,(anonymous_4)
FN:47,(anonymous_5)
FN:67,(anonymous_6)
FN:82,(anonymous_7)
FN:94,(anonymous_8)
FN:100,(anonymous_9)
FN:102,(anonymous_10)
FNF:11
FNH:0
FNDA:0,(anonymous_0)
FNDA:0,(anonymous_1)
FNDA:0,(anonymous_2)
FNDA:0,(anonymous_3)
FNDA:0,(anonymous_4)
FNDA:0,(anonymous_5)
FNDA:0,(anonymous_6)
FNDA:0,(anonymous_7)
FNDA:0,(anonymous_8)
FNDA:0,(anonymous_9)
FNDA:0,(anonymous_10)
DA:5,0
DA:6,0
DA:7,0
DA:11,0
DA:13,0
DA:14,0
DA:15,0
DA:18,0
DA:20,0
DA:23,0
DA:24,0
DA:30,0
DA:33,0
DA:34,0
DA:36,0
DA:37,0
DA:38,0
DA:44,0
DA:45,0
DA:47,0
DA:48,0
DA:50,0
DA:51,0
DA:52,0
DA:53,0
DA:56,0
DA:58,0
DA:60,0
DA:64,0
DA:69,0
DA:70,0
DA:74,0
DA:77,0
DA:79,0
DA:84,0
DA:85,0
DA:88,0
DA:89,0
DA:90,0
DA:91,0
DA:94,0
DA:96,0
DA:101,0
DA:102,0
LF:44
LH:0
BRDA:11,0,0,0
BRDA:11,0,1,0
BRDA:23,1,0,0
BRDA:23,1,1,0
BRDA:23,2,0,0
BRDA:23,2,1,0
BRDA:33,3,0,0
BRDA:33,3,1,0
BRDA:58,4,0,0
BRDA:58,4,1,0
BRDA:69,5,0,0
BRDA:69,5,1,0
BRDA:74,6,0,0
BRDA:74,6,1,0
BRDA:84,7,0,0
BRDA:84,7,1,0
BRF:16
BRH:0
end_of_record
TN:
SF:js/nisabService.js
FN:10,(anonymous_0)
FN:14,(anonymous_1)
FN:23,(anonymous_2)
FN:28,(anonymous_3)
FN:32,(anonymous_4)
FN:38,(anonymous_5)
FN:46,(anonymous_6)
FN:74,(anonymous_7)
FN:131,(anonymous_8)
FN:153,(anonymous_9)
FN:176,(anonymous_10)
FN:235,(anonymous_11)
FN:240,(anonymous_12)
FN:246,(anonymous_13)
FN:258,(anonymous_14)
FN:284,(anonymous_15)
FN:308,(anonymous_16)
FN:367,(anonymous_17)
FN:372,(anonymous_18)
FN:385,(anonymous_19)
FN:391,(anonymous_20)
FN:398,(anonymous_21)
FN:418,(anonymous_22)
FNF:23
FNH:0
FNDA:0,(anonymous_0)
FNDA:0,(anonymous_1)
FNDA:0,(anonymous_2)
FNDA:0,(anonymous_3)
FNDA:0,(anonymous_4)
FNDA:0,(anonymous_5)
FNDA:0,(anonymous_6)
FNDA:0,(anonymous_7)
FNDA:0,(anonymous_8)
FNDA:0,(anonymous_9)
FNDA:0,(anonymous_10)
FNDA:0,(anonymous_11)
FNDA:0,(anonymous_12)
FNDA:0,(anonymous_13)
FNDA:0,(anonymous_14)
FNDA:0,(anonymous_15)
FNDA:0,(anonymous_16)
FNDA:0,(anonymous_17)
FNDA:0,(anonymous_18)
FNDA:0,(anonymous_19)
FNDA:0,(anonymous_20)
FNDA:0,(anonymous_21)
FNDA:0,(anonymous_22)
DA:4,0
DA:5,0
DA:6,0
DA:7,0
DA:8,0
DA:11,0
DA:14,0
DA:16,0
DA:17,0
DA:18,0
DA:19,0
DA:20,0
DA:23,0
DA:24,0
DA:29,0
DA:33,0
DA:34,0
DA:35,0
DA:39,0
DA:47,0
DA:50,0
DA:51,0
DA:52,0
DA:53,0
DA:55,0
DA:56,0
DA:57,0
DA:58,0
DA:62,0
DA:66,0
DA:67,0
DA:70,0
DA:74,0
DA:75,0
DA:76,0
DA:77,0
DA:78,0
DA:81,0
DA:82,0
DA:84,0
DA:85,0
DA:88,0
DA:89,0
DA:90,0
DA:92,0
DA:93,0
DA:98,0
DA:99,0
DA:100,0
DA:103,0
DA:107,0
DA:108,0
DA:109,0
DA:112,0
DA:115,0
DA:116,0
DA:118,0
DA:123,0
DA:124,0
DA:132,0
DA:135,0
DA:136,0
DA:137,0
DA:138,0
DA:140,0
DA:143,0
DA:144,0
DA:146,0
DA:147,0
DA:149,0
DA:155,0
DA:156,0
DA:157,0
DA:160,0
DA:161,0
DA:162,0
DA:166,0
DA:167,0
DA:173,0
DA:174,0
DA:175,0
DA:176,0
DA:177,0
DA:180,0
DA:181,0
DA:184,0
DA:186,0
DA:187,0
DA:190,0
DA:191,0
DA:194,0
DA:195,0
DA:196,0
DA:200,0
DA:205,0
DA:206,0
DA:207,0
DA:208,0
DA:212,0
DA:213,0
DA:214,0
DA:218,0
DA:222,0
DA:223,0
DA:224,0
DA:228,0
DA:229,0
DA:230,0
DA:234,0
DA:235,0
DA:241,0
DA:242,0
DA:247,0
DA:248,0
DA:251,0
DA:252,0
DA:253,0
DA:254,0
DA:255,0
DA:259,0
DA:261,0
DA:262,0
DA:266,0
DA:267,0
DA:268,0
DA:269,0
DA:271,0
DA:274,0
DA:275,0
DA:277,0
DA:278,0
DA:280,0
DA:285,0
DA:288,0
DA:289,0
DA:290,0
DA:293,0
DA:294,0
DA:295,0
DA:298,0
DA:299,0
DA:305,0
DA:306,0
DA:307,0
DA:308,0
DA:309,0
DA:312,0
DA:313,0
DA:316,0
DA:318,0
DA:319,0
DA:322,0
DA:323,0
DA:326,0
DA:327,0
DA:328,0
DA:332,0
DA:337,0
DA:338,0
DA:339,0
DA:340,0
DA:344,0
DA:345,0
DA:346,0
DA:350,0
DA:354,0
DA:355,0
DA:356,0
DA:360,0
DA:361,0
DA:362,0
DA:366,0
DA:367,0
DA:373,0
DA:374,0
DA:377,0
DA:378,0
DA:379,0
DA:380,0
DA:381,0
DA:386,0
DA:387,0
DA:392,0
DA:399,0
DA:406,0
DA:407,0
DA:410,0
DA:411,0
DA:414,0
DA:419,0
LF:190
LH:0
BRDA:14,0,0,0
BRDA:14,0,1,0
BRDA:17,1,0,0
BRDA:17,1,1,0
BRDA:18,2,0,0
BRDA:18,2,1,0
BRDA:52,3,0,0
BRDA:52,3,1,0
BRDA:57,4,0,0
BRDA:57,4,1,0
BRDA:70,5,0,0
BRDA:70,5,1,0
BRDA:81,6,0,0
BRDA:81,6,1,0
BRDA:89,7,0,0
BRDA:89,7,1,0
BRDA:132,8,0,0
BRDA:132,8,1,0
BRDA:135,9,0,0
BRDA:135,9,1,0
BRDA:136,10,0,0
BRDA:136,10,1,0
BRDA:155,11,0,0
BRDA:155,11,1,0
BRDA:173,12,0,0
BRDA:173,12,1,0
BRDA:174,13,0,0
BRDA:174,13,1,0
BRDA:180,14,0,0
BRDA:180,14,1,0
BRDA:186,15,0,0
BRDA:186,15,1,0
BRDA:186,16,0,0
BRDA:186,16,1,0
BRDA:194,17,0,0
BRDA:194,17,1,0
BRDA:205,18,0,0
BRDA:205,18,1,0
BRDA:206,19,0,0
BRDA:206,19,1,0
BRDA:212,20,0,0
BRDA:212,20,1,0
BRDA:222,21,0,0
BRDA:222,21,1,0
BRDA:228,22,0,0
BRDA:228,22,1,0
BRDA:241,23,0,0
BRDA:241,23,1,0
BRDA:247,24,0,0
BRDA:247,24,1,0
BRDA:247,25,0,0
BRDA:247,25,1,0
BRDA:261,26,0,0
BRDA:261,26,1,0
BRDA:266,27,0,0
BRDA:266,27,1,0
BRDA:267,28,0,0
BRDA:267,28,1,0
BRDA:288,29,0,0
BRDA:288,29,1,0
BRDA:305,30,0,0
BRDA:305,30,1,0
BRDA:306,31,0,0
BRDA:306,31,1,0
BRDA:312,32,0,0
BRDA:312,32,1,0
BRDA:318,33,0,0
BRDA:318,33,1,0
BRDA:318,34,0,0
BRDA:318,34,1,0
BRDA:326,35,0,0
BRDA:326,35,1,0
BRDA:337,36,0,0
BRDA:337,36,1,0
BRDA:338,37,0,0
BRDA:338,37,1,0
BRDA:344,38,0,0
BRDA:344,38,1,0
BRDA:354,39,0,0
BRDA:354,39,1,0
BRDA:360,40,0,0
BRDA:360,40,1,0
BRDA:373,41,0,0
BRDA:373,41,1,0
BRDA:373,42,0,0
BRDA:373,42,1,0
BRDA:387,43,0,0
BRDA:387,43,1,0
BRDA:387,43,2,0
BRDA:406,44,0,0
BRDA:406,44,1,0
BRDA:410,45,0,0
BRDA:410,45,1,0
BRDA:410,46,0,0
BRDA:410,46,1,0
BRDA:414,47,0,0
BRDA:414,47,1,0
BRF:97
BRH:0
end_of_record
TN:
SF:js/translations.js
FNF:0
FNH:0
DA:1,0
LF:1
LH:0
BRF:0
BRH:0
end_of_record
TN:
SF:js/version.js
FN:6,initVersionInfo
FNF:1
FNH:0
FNDA:0,initVersionInfo
DA:2,0
DA:3,0
DA:4,0
DA:7,0
DA:8,0
DA:10,0
DA:11,0
DA:14,0
DA:15,0
DA:18,0
LF:10
LH:0
BRDA:10,0,0,0
BRDA:10,0,1,0
BRDA:14,1,0,0
BRDA:14,1,1,0
BRF:4
BRH:0
end_of_record
TN:
SF:js/zakatCalculator.js
FN:2,(anonymous_0)
FN:12,(anonymous_1)
FN:19,(anonymous_2)
FN:23,(anonymous_3)
FN:27,(anonymous_4)
FN:34,(anonymous_5)
FN:51,(anonymous_6)
FN:53,(anonymous_7)
FN:57,(anonymous_8)
FN:64,(anonymous_9)
FN:65,(anonymous_10)
FN:71,(anonymous_11)
FN:72,(anonymous_12)
FN:77,(anonymous_13)
FN:80,(anonymous_14)
FN:94,(anonymous_15)
FN:101,(anonymous_16)
FN:114,(anonymous_17)
FN:115,(anonymous_18)
FN:119,(anonymous_19)
FN:142,(anonymous_20)
FN:216,(anonymous_21)
FN:227,(anonymous_22)
FN:241,(anonymous_23)
FN:248,(anonymous_24)
FNF:25
FNH:0
FNDA:0,(anonymous_0)
FNDA:0,(anonymous_1)
FNDA:0,(anonymous_2)
FNDA:0,(anonymous_3)
FNDA:0,(anonymous_4)
FNDA:0,(anonymous_5)
FNDA:0,(anonymous_6)
FNDA:0,(anonymous_7)
FNDA:0,(anonymous_8)
FNDA:0,(anonymous_9)
FNDA:0,(anonymous_10)
FNDA:0,(anonymous_11)
FNDA:0,(anonymous_12)
FNDA:0,(anonymous_13)
FNDA:0,(anonymous_14)
FNDA:0,(anonymous_15)
FNDA:0,(anonymous_16)
FNDA:0,(anonymous_17)
FNDA:0,(anonymous_18)
FNDA:0,(anonymous_19)
FNDA:0,(anonymous_20)
FNDA:0,(anonymous_21)
FNDA:0,(anonymous_22)
FNDA:0,(anonymous_23)
FNDA:0,(anonymous_24)
DA:3,0
DA:4,0
DA:5,0
DA:6,0
DA:7,0
DA:13,0
DA:14,0
DA:16,0
DA:20,0
DA:24,0
DA:28,0
DA:30,0
DA:31,0
DA:34,0
DA:35,0
DA:38,0
DA:44,0
DA:46,0
DA:47,0
DA:52,0
DA:54,0
DA:55,0
DA:58,0
DA:59,0
DA:60,0
DA:65,0
DA:66,0
DA:67,0
DA:72,0
DA:77,0
DA:82,0
DA:83,0
DA:85,0
DA:86,0
DA:87,0
DA:88,0
DA:89,0
DA:94,0
DA:100,0
DA:102,0
DA:103,0
DA:104,0
DA:106,0
DA:107,0
DA:113,0
DA:114,0
DA:115,0
DA:121,0
DA:124,0
DA:134,0
DA:135,0
DA:136,0
DA:137,0
DA:138,0
DA:139,0
DA:140,0
DA:141,0
DA:142,0
DA:145,0
DA:157,0
DA:159,0
DA:160,0
DA:163,0
DA:164,0
DA:167,0
DA:169,0
DA:178,0
DA:179,0
DA:182,0
DA:187,0
DA:189,0
DA:190,0
DA:191,0
DA:194,0
DA:204,0
DA:205,0
DA:210,0
DA:213,0
DA:217,0
DA:229,0
DA:230,0
DA:231,0
DA:232,0
DA:235,0
DA:236,0
DA:238,0
DA:242,0
DA:243,0
DA:249,0
LF:89
LH:0
BRDA:2,0,0,0
BRDA:8,1,0,0
BRDA:8,1,1,0
BRDA:13,2,0,0
BRDA:13,2,1,0
BRDA:23,3,0,0
BRDA:31,4,0,0
BRDA:31,4,1,0
BRDA:54,5,0,0
BRDA:54,5,1,0
BRDA:54,6,0,0
BRDA:54,6,1,0
BRDA:87,7,0,0
BRDA:87,7,1,0
BRDA:139,8,0,0
BRDA:139,8,1,0
BRDA:139,9,0,0
BRDA:139,9,1,0
BRDA:141,10,0,0
BRDA:141,10,1,0
BRDA:157,11,0,0
BRDA:157,11,1,0
BRDA:159,12,0,0
BRDA:159,12,1,0
BRDA:167,13,0,0
BRDA:167,13,1,0
BRDA:187,14,0,0
BRDA:187,14,1,0
BRDA:229,15,0,0
BRDA:229,15,1,0
BRDA:230,16,0,0
BRDA:230,16,1,0
BRDA:231,17,0,0
BRDA:231,17,1,0
BRDA:232,18,0,0
BRDA:232,18,1,0
BRDA:243,19,0,0
BRDA:243,19,1,0
BRDA:243,19,2,0
BRF:39
BRH:0
end_of_record
TN:
SF:js/zakatUIController.js
FN:62,(anonymous_0)
FN:90,(anonymous_1)
FN:116,(anonymous_2)
FN:117,(anonymous_3)
FN:122,(anonymous_4)
FN:123,(anonymous_5)
FN:130,(anonymous_6)
FN:146,(anonymous_7)
FN:147,(anonymous_8)
FN:159,(anonymous_9)
FN:183,(anonymous_10)
FN:202,(anonymous_11)
FN:214,(anonymous_12)
FN:223,(anonymous_13)
FN:262,(anonymous_14)
FN:280,(anonymous_15)
FN:281,(anonymous_16)
FN:284,(anonymous_17)
FN:303,(anonymous_18)
FN:317,(anonymous_19)
FN:339,(anonymous_20)
FN:345,(anonymous_21)
FN:347,(anonymous_22)
FN:355,(anonymous_23)
FN:361,(anonymous_24)
FN:371,(anonymous_25)
FN:382,(anonymous_26)
FN:403,(anonymous_27)
FN:443,(anonymous_28)
FN:450,(anonymous_29)
FN:482,(anonymous_30)
FN:487,(anonymous_31)
FN:496,(anonymous_32)
FN:508,(anonymous_33)
FN:514,(anonymous_34)
FN:523,(anonymous_35)
FN:532,(anonymous_36)
FN:533,(anonymous_37)
FN:554,(anonymous_38)
FN:555,(anonymous_39)
FN:563,(anonymous_40)
FN:565,(anonymous_41)
FN:580,(anonymous_42)
FN:587,(anonymous_43)
FN:588,(anonymous_44)
FN:593,(anonymous_45)
FN:598,(anonymous_46)
FN:604,(anonymous_47)
FN:610,(anonymous_48)
FN:611,(anonymous_49)
FN:612,(anonymous_50)
FN:613,(anonymous_51)
FN:614,(anonymous_52)
FN:617,(anonymous_53)
FN:618,(anonymous_54)
FN:619,(anonymous_55)
FN:638,(anonymous_56)
FN:654,(anonymous_57)
FN:685,(anonymous_58)
FN:705,(anonymous_59)
FN:784,(anonymous_60)
FN:796,(anonymous_61)
FN:859,(anonymous_62)
FN:884,(anonymous_63)
FN:900,(anonymous_64)
FN:919,(anonymous_65)
FN:925,(anonymous_66)
FN:940,(anonymous_67)
FN:941,(anonymous_68)
FN:1003,(anonymous_69)
FN:1011,(anonymous_70)
FN:1015,(anonymous_71)
FN:1023,(anonymous_72)
FN:1059,(anonymous_73)
FN:1066,(anonymous_74)
FN:1072,(anonymous_75)
FN:1089,(anonymous_76)
FN:1104,(anonymous_77)
FN:1113,(anonymous_78)
FN:1130,(anonymous_79)
FN:1136,(anonymous_80)
FN:1154,(anonymous_81)
FN:1164,(anonymous_82)
FN:1186,(anonymous_83)
FN:1210,(anonymous_84)
FN:1211,(anonymous_85)
FN:1217,(anonymous_86)
FN:1218,(anonymous_87)
FN:1247,(anonymous_88)
FN:1258,(anonymous_89)
FN:1271,(anonymous_90)
FN:1273,(anonymous_91)
FN:1276,(anonymous_92)
FN:1281,(anonymous_93)
FN:1287,(anonymous_94)
FN:1295,(anonymous_95)
FN:1301,(anonymous_96)
FN:1306,(anonymous_97)
FN:1323,(anonymous_98)
FN:1333,(anonymous_99)
FN:1340,(anonymous_100)
FN:1383,(anonymous_101)
FN:1384,(anonymous_102)
FN:1387,(anonymous_103)
FN:1400,(anonymous_104)
FN:1414,(anonymous_105)
FN:1436,(anonymous_106)
FN:1442,(anonymous_107)
FNF:108
FNH:0
FNDA:0,(anonymous_0)
FNDA:0,(anonymous_1)
FNDA:0,(anonymous_2)
FNDA:0,(anonymous_3)
FNDA:0,(anonymous_4)
FNDA:0,(anonymous_5)
FNDA:0,(anonymous_6)
FNDA:0,(anonymous_7)
FNDA:0,(anonymous_8)
FNDA:0,(anonymous_9)
FNDA:0,(anonymous_10)
FNDA:0,(anonymous_11)
FNDA:0,(anonymous_12)
FNDA:0,(anonymous_13)
FNDA:0,(anonymous_14)
FNDA:0,(anonymous_15)
FNDA:0,(anonymous_16)
FNDA:0,(anonymous_17)
FNDA:0,(anonymous_18)
FNDA:0,(anonymous_19)
FNDA:0,(anonymous_20)
FNDA:0,(anonymous_21)
FNDA:0,(anonymous_22)
FNDA:0,(anonymous_23)
FNDA:0,(anonymous_24)
FNDA:0,(anonymous_25)
FNDA:0,(anonymous_26)
FNDA:0,(anonymous_27)
FNDA:0,(anonymous_28)
FNDA:0,(anonymous_29)
FNDA:0,(anonymous_30)
FNDA:0,(anonymous_31)
FNDA:0,(anonymous_32)
FNDA:0,(anonymous_33)
FNDA:0,(anonymous_34)
FNDA:0,(anonymous_35)
FNDA:0,(anonymous_36)
FNDA:0,(anonymous_37)
FNDA:0,(anonymous_38)
FNDA:0,(anonymous_39)
FNDA:0,(anonymous_40)
FNDA:0,(anonymous_41)
FNDA:0,(anonymous_42)
FNDA:0,(anonymous_43)
FNDA:0,(anonymous_44)
FNDA:0,(anonymous_45)
FNDA:0,(anonymous_46)
FNDA:0,(anonymous_47)
FNDA:0,(anonymous_48)
FNDA:0,(anonymous_49)
FNDA:0,(anonymous_50)
FNDA:0,(anonymous_51)
FNDA:0,(anonymous_52)
FNDA:0,(anonymous_53)
FNDA:0,(anonymous_54)
FNDA:0,(anonymous_55)
FNDA:0,(anonymous_56)
FNDA:0,(anonymous_57)
FNDA:0,(anonymous_58)
FNDA:0,(anonymous_59)
FNDA:0,(anonymous_60)
FNDA:0,(anonymous_61)
FNDA:0,(anonymous_62)
FNDA:0,(anonymous_63)
FNDA:0,(anonymous_64)
FNDA:0,(anonymous_65)
FNDA:0,(anonymous_66)
FNDA:0,(anonymous_67)
FNDA:0,(anonymous_68)
FNDA:0,(anonymous_69)
FNDA:0,(anonymous_70)
FNDA:0,(anonymous_71)
FNDA:0,(anonymous_72)
FNDA:0,(anonymous_73)
FNDA:0,(anonymous_74)
FNDA:0,(anonymous_75)
FNDA:0,(anonymous_76)
FNDA:0,(anonymous_77)
FNDA:0,(anonymous_78)
FNDA:0,(anonymous_79)
FNDA:0,(anonymous_80)
FNDA:0,(anonymous_81)
FNDA:0,(anonymous_82)
FNDA:0,(anonymous_83)
FNDA:0,(anonymous_84)
FNDA:0,(anonymous_85)
FNDA:0,(anonymous_86)
FNDA:0,(anonymous_87)
FNDA:0,(anonymous_88)
FNDA:0,(anonymous_89)
FNDA:0,(anonymous_90)
FNDA:0,(anonymous_91)
FNDA:0,(anonymous_92)
FNDA:0,(anonymous_93)
FNDA:0,(anonymous_94)
FNDA:0,(anonymous_95)
FNDA:0,(anonymous_96)
FNDA:0,(anonymous_97)
FNDA:0,(anonymous_98)
FNDA:0,(anonymous_99)
FNDA:0,(anonymous_100)
FNDA:0,(anonymous_101)
FNDA:0,(anonymous_102)
FNDA:0,(anonymous_103)
FNDA:0,(anonymous_104)
FNDA:0,(anonymous_105)
FNDA:0,(anonymous_106)
FNDA:0,(anonymous_107)
DA:6,0
DA:9,0
DA:36,0
DA:64,0
DA:77,0
DA:78,0
DA:79,0
DA:80,0
DA:81,0
DA:84,0
DA:86,0
DA:92,0
DA:93,0
DA:95,0
DA:96,0
DA:97,0
DA:101,0
DA:102,0
DA:103,0
DA:106,0
DA:108,0
DA:110,0
DA:117,0
DA:118,0
DA:119,0
DA:120,0
DA:122,0
DA:123,0
DA:125,0
DA:132,0
DA:133,0
DA:136,0
DA:137,0
DA:139,0
DA:147,0
DA:148,0
DA:149,0
DA:150,0
DA:152,0
DA:154,0
DA:155,0
DA:159,0
DA:160,0
DA:161,0
DA:169,0
DA:170,0
DA:173,0
DA:176,0
DA:179,0
DA:184,0
DA:185,0
DA:187,0
DA:188,0
DA:190,0
DA:191,0
DA:194,0
DA:196,0
DA:203,0
DA:205,0
DA:207,0
DA:208,0
DA:210,0
DA:211,0
DA:214,0
DA:215,0
DA:216,0
DA:219,0
DA:224,0
DA:226,0
DA:227,0
DA:230,0
DA:231,0
DA:233,0
DA:237,0
DA:239,0
DA:240,0
DA:242,0
DA:245,0
DA:249,0
DA:251,0
DA:252,0
DA:254,0
DA:255,0
DA:258,0
DA:259,0
DA:262,0
DA:263,0
DA:264,0
DA:265,0
DA:269,0
DA:272,0
DA:273,0
DA:281,0
DA:282,0
DA:284,0
DA:285,0
DA:286,0
DA:289,0
DA:292,0
DA:299,0
DA:300,0
DA:303,0
DA:304,0
DA:313,0
DA:314,0
DA:317,0
DA:318,0
DA:319,0
DA:320,0
DA:325,0
DA:326,0
DA:327,0
DA:330,0
DA:335,0
DA:339,0
DA:340,0
DA:347,0
DA:348,0
DA:351,0
DA:352,0
DA:355,0
DA:359,0
DA:361,0
DA:363,0
DA:364,0
DA:368,0
DA:369,0
DA:371,0
DA:372,0
DA:373,0
DA:374,0
DA:378,0
DA:384,0
DA:387,0
DA:394,0
DA:397,0
DA:400,0
DA:405,0
DA:418,0
DA:421,0
DA:422,0
DA:425,0
DA:426,0
DA:427,0
DA:428,0
DA:429,0
DA:432,0
DA:433,0
DA:436,0
DA:437,0
DA:438,0
DA:442,0
DA:443,0
DA:444,0
DA:445,0
DA:452,0
DA:485,0
DA:486,0
DA:487,0
DA:488,0
DA:489,0
DA:490,0
DA:497,0
DA:498,0
DA:499,0
DA:500,0
DA:501,0
DA:502,0
DA:503,0
DA:509,0
DA:510,0
DA:512,0
DA:514,0
DA:515,0
DA:516,0
DA:518,0
DA:519,0
DA:523,0
DA:524,0
DA:525,0
DA:526,0
DA:531,0
DA:532,0
DA:533,0
DA:534,0
DA:535,0
DA:536,0
DA:539,0
DA:540,0
DA:541,0
DA:542,0
DA:546,0
DA:547,0
DA:555,0
DA:556,0
DA:557,0
DA:558,0
DA:564,0
DA:565,0
DA:566,0
DA:567,0
DA:569,0
DA:570,0
DA:572,0
DA:573,0
DA:575,0
DA:578,0
DA:580,0
DA:581,0
DA:582,0
DA:588,0
DA:589,0
DA:590,0
DA:593,0
DA:594,0
DA:595,0
DA:598,0
DA:599,0
DA:600,0
DA:604,0
DA:605,0
DA:606,0
DA:611,0
DA:612,0
DA:613,0
DA:614,0
DA:618,0
DA:619,0
DA:620,0
DA:621,0
DA:623,0
DA:625,0
DA:626,0
DA:628,0
DA:631,0
DA:632,0
DA:633,0
DA:639,0
DA:640,0
DA:641,0
DA:644,0
DA:645,0
DA:646,0
DA:648,0
DA:649,0
DA:656,0
DA:657,0
DA:661,0
DA:662,0
DA:665,0
DA:666,0
DA:670,0
DA:671,0
DA:673,0
DA:678,0
DA:679,0
DA:680,0
DA:686,0
DA:687,0
DA:689,0
DA:690,0
DA:691,0
DA:692,0
DA:694,0
DA:698,0
DA:699,0
DA:700,0
DA:701,0
DA:702,0
DA:705,0
DA:706,0
DA:707,0
DA:708,0
DA:709,0
DA:710,0
DA:713,0
DA:767,0
DA:785,0
DA:786,0
DA:787,0
DA:788,0
DA:793,0
DA:797,0
DA:798,0
DA:799,0
DA:800,0
DA:801,0
DA:802,0
DA:804,0
DA:860,0
DA:885,0
DA:899,0
DA:900,0
DA:901,0
DA:903,0
DA:904,0
DA:908,0
DA:909,0
DA:910,0
DA:911,0
DA:913,0
DA:916,0
DA:920,0
DA:921,0
DA:923,0
DA:925,0
DA:928,0
DA:935,0
DA:936,0
DA:939,0
DA:940,0
DA:942,0
DA:943,0
DA:944,0
DA:948,0
DA:949,0
DA:950,0
DA:951,0
DA:952,0
DA:957,0
DA:958,0
DA:962,0
DA:963,0
DA:966,0
DA:967,0
DA:968,0
DA:971,0
DA:972,0
DA:973,0
DA:976,0
DA:977,0
DA:978,0
DA:979,0
DA:980,0
DA:981,0
DA:983,0
DA:984,0
DA:988,0
DA:989,0
DA:990,0
DA:991,0
DA:995,0
DA:996,0
DA:997,0
DA:998,0
DA:999,0
DA:1004,0
DA:1005,0
DA:1006,0
DA:1008,0
DA:1012,0
DA:1013,0
DA:1014,0
DA:1015,0
DA:1016,0
DA:1025,0
DA:1026,0
DA:1027,0
DA:1031,0
DA:1039,0
DA:1042,0
DA:1043,0
DA:1046,0
DA:1047,0
DA:1048,0
DA:1051,0
DA:1052,0
DA:1053,0
DA:1054,0
DA:1055,0
DA:1058,0
DA:1059,0
DA:1060,0
DA:1067,0
DA:1068,0
DA:1069,0
DA:1073,0
DA:1076,0
DA:1077,0
DA:1078,0
DA:1079,0
DA:1081,0
DA:1082,0
DA:1083,0
DA:1086,0
DA:1090,0
DA:1091,0
DA:1094,0
DA:1097,0
DA:1100,0
DA:1105,0
DA:1106,0
DA:1107,0
DA:1110,0
DA:1111,0
DA:1113,0
DA:1114,0
DA:1115,0
DA:1116,0
DA:1119,0
DA:1120,0
DA:1123,0
DA:1124,0
DA:1125,0
DA:1127,0
DA:1132,0
DA:1133,0
DA:1136,0
DA:1138,0
DA:1139,0
DA:1142,0
DA:1154,0
DA:1155,0
DA:1158,0
DA:1161,0
DA:1165,0
DA:1166,0
DA:1168,0
DA:1171,0
DA:1172,0
DA:1176,0
DA:1179,0
DA:1180,0
DA:1181,0
DA:1183,0
DA:1184,0
DA:1186,0
DA:1193,0
DA:1203,0
DA:1204,0
DA:1207,0
DA:1211,0
DA:1212,0
DA:1218,0
DA:1219,0
DA:1227,0
DA:1249,0
DA:1250,0
DA:1251,0
DA:1259,0
DA:1272,0
DA:1273,0
DA:1277,0
DA:1282,0
DA:1283,0
DA:1288,0
DA:1289,0
DA:1291,0
DA:1296,0
DA:1297,0
DA:1298,0
DA:1301,0
DA:1302,0
DA:1308,0
DA:1309,0
DA:1313,0
DA:1314,0
DA:1315,0
DA:1318,0
DA:1319,0
DA:1320,0
DA:1323,0
DA:1324,0
DA:1325,0
DA:1326,0
DA:1330,0
DA:1333,0
DA:1334,0
DA:1335,0
DA:1336,0
DA:1341,0
DA:1344,0
DA:1345,0
DA:1346,0
DA:1348,0
DA:1349,0
DA:1350,0
DA:1352,0
DA:1356,0
DA:1357,0
DA:1358,0
DA:1360,0
DA:1361,0
DA:1362,0
DA:1364,0
DA:1368,0
DA:1369,0
DA:1370,0
DA:1372,0
DA:1373,0
DA:1374,0
DA:1376,0
DA:1379,0
DA:1384,0
DA:1385,0
DA:1387,0
DA:1388,0
DA:1389,0
DA:1390,0
DA:1393,0
DA:1394,0
DA:1397,0
DA:1400,0
DA:1401,0
DA:1410,0
DA:1411,0
DA:1414,0
DA:1415,0
DA:1416,0
DA:1417,0
DA:1422,0
DA:1423,0
DA:1424,0
DA:1427,0
DA:1432,0
DA:1436,0
DA:1437,0
DA:1444,0
DA:1447,0
DA:1454,0
DA:1457,0
DA:1460,0
LF:522
LH:0
BRDA:62,0,0,0
BRDA:92,1,0,0
BRDA:92,1,1,0
BRDA:95,2,0,0
BRDA:95,2,1,0
BRDA:101,3,0,0
BRDA:101,3,1,0
BRDA:136,4,0,0
BRDA:136,4,1,0
BRDA:149,5,0,0
BRDA:149,5,1,0
BRDA:154,6,0,0
BRDA:154,6,1,0
BRDA:160,7,0,0
BRDA:160,7,1,0
BRDA:170,8,0,0
BRDA:170,8,1,0
BRDA:187,9,0,0
BRDA:187,9,1,0
BRDA:210,10,0,0
BRDA:210,10,1,0
BRDA:226,11,0,0
BRDA:226,11,1,0
BRDA:237,12,0,0
BRDA:237,12,1,0
BRDA:237,13,0,0
BRDA:237,13,1,0
BRDA:240,14,0,0
BRDA:240,14,1,0
BRDA:254,15,0,0
BRDA:254,15,1,0
BRDA:264,16,0,0
BRDA:264,16,1,0
BRDA:272,17,0,0
BRDA:272,17,1,0
BRDA:305,18,0,0
BRDA:305,18,1,0
BRDA:306,19,0,0
BRDA:306,19,1,0
BRDA:307,20,0,0
BRDA:307,20,1,0
BRDA:308,21,0,0
BRDA:308,21,1,0
BRDA:319,22,0,0
BRDA:319,22,1,0
BRDA:319,23,0,0
BRDA:319,23,1,0
BRDA:325,24,0,0
BRDA:325,24,1,0
BRDA:348,25,0,0
BRDA:348,25,1,0
BRDA:363,26,0,0
BRDA:363,26,1,0
BRDA:363,27,0,0
BRDA:363,27,1,0
BRDA:372,28,0,0
BRDA:372,28,1,0
BRDA:438,29,0,0
BRDA:438,29,1,0
BRDA:444,30,0,0
BRDA:444,30,1,0
BRDA:486,31,0,0
BRDA:486,31,1,0
BRDA:489,32,0,0
BRDA:489,32,1,0
BRDA:512,33,0,0
BRDA:512,33,1,0
BRDA:512,34,0,0
BRDA:512,34,1,0
BRDA:524,35,0,0
BRDA:524,35,1,0
BRDA:524,36,0,0
BRDA:524,36,1,0
BRDA:535,37,0,0
BRDA:535,37,1,0
BRDA:541,38,0,0
BRDA:541,38,1,0
BRDA:557,39,0,0
BRDA:557,39,1,0
BRDA:564,40,0,0
BRDA:564,40,1,0
BRDA:566,41,0,0
BRDA:566,41,1,0
BRDA:567,42,0,0
BRDA:567,42,1,0
BRDA:575,43,0,0
BRDA:575,43,1,0
BRDA:575,43,2,0
BRDA:582,44,0,0
BRDA:582,44,1,0
BRDA:625,45,0,0
BRDA:625,45,1,0
BRDA:640,46,0,0
BRDA:640,46,1,0
BRDA:644,47,0,0
BRDA:644,47,1,0
BRDA:656,48,0,0
BRDA:656,48,1,0
BRDA:656,49,0,0
BRDA:656,49,1,0
BRDA:661,50,0,0
BRDA:661,50,1,0
BRDA:661,51,0,0
BRDA:661,51,1,0
BRDA:661,51,2,0
BRDA:665,52,0,0
BRDA:665,52,1,0
BRDA:665,53,0,0
BRDA:665,53,1,0
BRDA:665,53,2,0
BRDA:671,54,0,0
BRDA:671,54,1,0
BRDA:671,55,0,0
BRDA:671,55,1,0
BRDA:671,55,2,0
BRDA:671,55,3,0
BRDA:679,56,0,0
BRDA:679,56,1,0
BRDA:679,57,0,0
BRDA:679,57,1,0
BRDA:687,58,0,0
BRDA:687,58,1,0
BRDA:689,59,0,0
BRDA:689,59,1,0
BRDA:689,60,0,0
BRDA:689,60,1,0
BRDA:690,61,0,0
BRDA:690,61,1,0
BRDA:709,62,0,0
BRDA:709,62,1,0
BRDA:710,63,0,0
BRDA:710,63,1,0
BRDA:718,64,0,0
BRDA:718,64,1,0
BRDA:728,65,0,0
BRDA:728,65,1,0
BRDA:739,66,0,0
BRDA:739,66,1,0
BRDA:753,67,0,0
BRDA:753,67,1,0
BRDA:785,68,0,0
BRDA:785,68,1,0
BRDA:786,69,0,0
BRDA:786,69,1,0
BRDA:787,70,0,0
BRDA:787,70,1,0
BRDA:800,71,0,0
BRDA:800,71,1,0
BRDA:800,72,0,0
BRDA:800,72,1,0
BRDA:827,73,0,0
BRDA:827,73,1,0
BRDA:838,74,0,0
BRDA:838,74,1,0
BRDA:853,75,0,0
BRDA:853,75,1,0
BRDA:875,76,0,0
BRDA:875,76,1,0
BRDA:899,77,0,0
BRDA:899,77,1,0
BRDA:901,78,0,0
BRDA:901,78,1,0
BRDA:901,79,0,0
BRDA:901,79,1,0
BRDA:908,80,0,0
BRDA:908,80,1,0
BRDA:923,81,0,0
BRDA:923,81,1,0
BRDA:923,82,0,0
BRDA:923,82,1,0
BRDA:925,83,0,0
BRDA:925,83,1,0
BRDA:950,84,0,0
BRDA:950,84,1,0
BRDA:950,85,0,0
BRDA:950,85,1,0
BRDA:957,86,0,0
BRDA:957,86,1,0
BRDA:957,87,0,0
BRDA:957,87,1,0
BRDA:962,88,0,0
BRDA:962,88,1,0
BRDA:967,89,0,0
BRDA:967,89,1,0
BRDA:976,90,0,0
BRDA:976,90,1,0
BRDA:978,91,0,0
BRDA:978,91,1,0
BRDA:979,92,0,0
BRDA:979,92,1,0
BRDA:981,93,0,0
BRDA:981,93,1,0
BRDA:984,94,0,0
BRDA:984,94,1,0
BRDA:1008,95,0,0
BRDA:1008,95,1,0
BRDA:1013,96,0,0
BRDA:1013,96,1,0
BRDA:1025,97,0,0
BRDA:1025,97,1,0
BRDA:1025,98,0,0
BRDA:1025,98,1,0
BRDA:1026,99,0,0
BRDA:1026,99,1,0
BRDA:1035,100,0,0
BRDA:1035,100,1,0
BRDA:1076,101,0,0
BRDA:1076,101,1,0
BRDA:1076,102,0,0
BRDA:1076,102,1,0
BRDA:1149,103,0,0
BRDA:1149,103,1,0
BRDA:1149,104,0,0
BRDA:1149,104,1,0
BRDA:1154,105,0,0
BRDA:1171,106,0,0
BRDA:1171,106,1,0
BRDA:1172,107,0,0
BRDA:1172,107,1,0
BRDA:1219,108,0,0
BRDA:1219,108,1,0
BRDA:1227,109,0,0
BRDA:1227,109,1,0
BRDA:1239,110,0,0
BRDA:1239,110,1,0
BRDA:1244,111,0,0
BRDA:1244,111,1,0
BRDA:1244,112,0,0
BRDA:1244,112,1,0
BRDA:1250,113,0,0
BRDA:1250,113,1,0
BRDA:1260,114,0,0
BRDA:1260,114,1,0
BRDA:1261,115,0,0
BRDA:1261,115,1,0
BRDA:1262,116,0,0
BRDA:1262,116,1,0
BRDA:1264,117,0,0
BRDA:1264,117,1,0
BRDA:1265,118,0,0
BRDA:1265,118,1,0
BRDA:1266,119,0,0
BRDA:1266,119,1,0
BRDA:1267,120,0,0
BRDA:1267,120,1,0
BRDA:1277,121,0,0
BRDA:1277,121,1,0
BRDA:1282,122,0,0
BRDA:1282,122,1,0
BRDA:1288,123,0,0
BRDA:1288,123,1,0
BRDA:1296,124,0,0
BRDA:1296,124,1,0
BRDA:1297,125,0,0
BRDA:1297,125,1,0
BRDA:1298,126,0,0
BRDA:1298,126,1,0
BRDA:1308,127,0,0
BRDA:1308,127,1,0
BRDA:1315,128,0,0
BRDA:1315,128,1,0
BRDA:1318,129,0,0
BRDA:1318,129,1,0
BRDA:1348,130,0,0
BRDA:1348,130,1,0
BRDA:1360,131,0,0
BRDA:1360,131,1,0
BRDA:1360,132,0,0
BRDA:1360,132,1,0
BRDA:1370,133,0,0
BRDA:1370,133,1,0
BRDA:1372,134,0,0
BRDA:1372,134,1,0
BRDA:1372,135,0,0
BRDA:1372,135,1,0
BRDA:1402,136,0,0
BRDA:1402,136,1,0
BRDA:1403,137,0,0
BRDA:1403,137,1,0
BRDA:1404,138,0,0
BRDA:1404,138,1,0
BRDA:1405,139,0,0
BRDA:1405,139,1,0
BRDA:1416,140,0,0
BRDA:1416,140,1,0
BRDA:1416,141,0,0
BRDA:1416,141,1,0
BRDA:1422,142,0,0
BRDA:1422,142,1,0
BRF:289
BRH:0
end_of_record
